# JRE version: OpenJDK Runtime Environment (8.0_242-b01) (build 1.8.0_242-release-1644-b01)
# Java VM: OpenJDK 64-Bit Server VM (25.242-b01 mixed mode windows-amd64 compressed oops)
Heap:
 PSYoungGen      total 662016K, used 499310K [0x00000000d5580000, 0x0000000100000000, 0x0000000100000000)
  eden space 630272K, 78% used [0x00000000d5580000,0x00000000f37e8bc8,0x00000000fbd00000)
  from space 31744K, 16% used [0x00000000fbd00000,0x00000000fc233008,0x00000000fdc00000)
  to   space 30720K, 0% used [0x00000000fe200000,0x00000000fe200000,0x0000000100000000)
 ParOldGen       total 222720K, used 167922K [0x0000000080000000, 0x000000008d980000, 0x00000000d5580000)
  object space 222720K, 75% used [0x0000000080000000,0x000000008a3fcbf8,0x000000008d980000)
 Metaspace       used 86237K, capacity 90698K, committed 92568K, reserved 1128448K
  class space    used 11462K, capacity 12308K, committed 12720K, reserved 1048576K
GC Heap History (10 events):
Event: 93.670 GC heap before
{Heap before GC invocations=45 (full 4):
 PSYoungGen      total 552448K, used 520008K [0x00000000d5580000, 0x00000000f9b00000, 0x0000000100000000)
  eden space 515584K, 100% used [0x00000000d5580000,0x00000000f4d00000,0x00000000f4d00000)
  from space 36864K, 12% used [0x00000000f7700000,0x00000000f7b521a0,0x00000000f9b00000)
  to   space 39936K, 0% used [0x00000000f4d00000,0x00000000f4d00000,0x00000000f7400000)
 ParOldGen       total 222720K, used 148197K [0x0000000080000000, 0x000000008d980000, 0x00000000d5580000)
  object space 222720K, 66% used [0x0000000080000000,0x00000000890b9580,0x000000008d980000)
 Metaspace       used 85197K, capacity 89498K, committed 91672K, reserved 1128448K
  class space    used 11379K, capacity 12136K, committed 12592K, reserved 1048576K
Event: 93.735 GC heap after
Heap after GC invocations=45 (full 4):
 PSYoungGen      total 555520K, used 9056K [0x00000000d5580000, 0x00000000fd980000, 0x0000000100000000)
  eden space 515584K, 0% used [0x00000000d5580000,0x00000000d5580000,0x00000000f4d00000)
  from space 39936K, 22% used [0x00000000f4d00000,0x00000000f55d8260,0x00000000f7400000)
  to   space 37376K, 0% used [0x00000000fb500000,0x00000000fb500000,0x00000000fd980000)
 ParOldGen       total 222720K, used 150664K [0x0000000080000000, 0x000000008d980000, 0x00000000d5580000)
  object space 222720K, 67% used [0x0000000080000000,0x00000000893223e0,0x000000008d980000)
 Metaspace       used 85197K, capacity 89498K, committed 91672K, reserved 1128448K
  class space    used 11379K, capacity 12136K, committed 12592K, reserved 1048576K
}
Event: 96.088 GC heap before
{Heap before GC invocations=46 (full 4):
 PSYoungGen      total 555520K, used 523846K [0x00000000d5580000, 0x00000000fd980000, 0x0000000100000000)
  eden space 515584K, 99% used [0x00000000d5580000,0x00000000f4c39830,0x00000000f4d00000)
  from space 39936K, 22% used [0x00000000f4d00000,0x00000000f55d8260,0x00000000f7400000)
  to   space 37376K, 0% used [0x00000000fb500000,0x00000000fb500000,0x00000000fd980000)
 ParOldGen       total 222720K, used 150664K [0x0000000080000000, 0x000000008d980000, 0x00000000d5580000)
  object space 222720K, 67% used [0x0000000080000000,0x00000000893223e0,0x000000008d980000)
 Metaspace       used 85224K, capacity 89498K, committed 91672K, reserved 1128448K
  class space    used 11379K, capacity 12136K, committed 12592K, reserved 1048576K
Event: 96.127 GC heap after
Heap after GC invocations=46 (full 4):
 PSYoungGen      total 614912K, used 12751K [0x00000000d5580000, 0x00000000fd400000, 0x0000000100000000)
  eden space 583168K, 0% used [0x00000000d5580000,0x00000000d5580000,0x00000000f8f00000)
  from space 31744K, 40% used [0x00000000fb500000,0x00000000fc173f00,0x00000000fd400000)
  to   space 35328K, 0% used [0x00000000f8f00000,0x00000000f8f00000,0x00000000fb180000)
 ParOldGen       total 222720K, used 152911K [0x0000000080000000, 0x000000008d980000, 0x00000000d5580000)
  object space 222720K, 68% used [0x0000000080000000,0x0000000089553d90,0x000000008d980000)
 Metaspace       used 85224K, capacity 89498K, committed 91672K, reserved 1128448K
  class space    used 11379K, capacity 12136K, committed 12592K, reserved 1048576K
}
Event: 98.779 GC heap before
{Heap before GC invocations=47 (full 4):
 PSYoungGen      total 614912K, used 595919K [0x00000000d5580000, 0x00000000fd400000, 0x0000000100000000)
  eden space 583168K, 100% used [0x00000000d5580000,0x00000000f8f00000,0x00000000f8f00000)
  from space 31744K, 40% used [0x00000000fb500000,0x00000000fc173f00,0x00000000fd400000)
  to   space 35328K, 0% used [0x00000000f8f00000,0x00000000f8f00000,0x00000000fb180000)
 ParOldGen       total 222720K, used 152911K [0x0000000080000000, 0x000000008d980000, 0x00000000d5580000)
  object space 222720K, 68% used [0x0000000080000000,0x0000000089553d90,0x000000008d980000)
 Metaspace       used 85240K, capacity 89498K, committed 91672K, reserved 1128448K
  class space    used 11379K, capacity 12136K, committed 12592K, reserved 1048576K
Event: 98.817 GC heap after
Heap after GC invocations=47 (full 4):
 PSYoungGen      total 618496K, used 11072K [0x00000000d5580000, 0x00000000fff80000, 0x0000000100000000)
  eden space 583168K, 0% used [0x00000000d5580000,0x00000000d5580000,0x00000000f8f00000)
  from space 35328K, 31% used [0x00000000f8f00000,0x00000000f99d0348,0x00000000fb180000)
  to   space 33280K, 0% used [0x00000000fdf00000,0x00000000fdf00000,0x00000000fff80000)
 ParOldGen       total 222720K, used 158092K [0x0000000080000000, 0x000000008d980000, 0x00000000d5580000)
  object space 222720K, 70% used [0x0000000080000000,0x0000000089a631b0,0x000000008d980000)
 Metaspace       used 85240K, capacity 89498K, committed 91672K, reserved 1128448K
  class space    used 11379K, capacity 12136K, committed 12592K, reserved 1048576K
}
Event: 103.135 GC heap before
{Heap before GC invocations=48 (full 4):
 PSYoungGen      total 618496K, used 594240K [0x00000000d5580000, 0x00000000fff80000, 0x0000000100000000)
  eden space 583168K, 100% used [0x00000000d5580000,0x00000000f8f00000,0x00000000f8f00000)
  from space 35328K, 31% used [0x00000000f8f00000,0x00000000f99d0348,0x00000000fb180000)
  to   space 33280K, 0% used [0x00000000fdf00000,0x00000000fdf00000,0x00000000fff80000)
 ParOldGen       total 222720K, used 158092K [0x0000000080000000, 0x000000008d980000, 0x00000000d5580000)
  object space 222720K, 70% used [0x0000000080000000,0x0000000089a631b0,0x000000008d980000)
 Metaspace       used 85257K, capacity 89574K, committed 91672K, reserved 1128448K
  class space    used 11381K, capacity 12138K, committed 12592K, reserved 1048576K
Event: 103.166 GC heap after
Heap after GC invocations=48 (full 4):
 PSYoungGen      total 658944K, used 4960K [0x00000000d5580000, 0x00000000ffb00000, 0x0000000100000000)
  eden space 630272K, 0% used [0x00000000d5580000,0x00000000d5580000,0x00000000fbd00000)
  from space 28672K, 17% used [0x00000000fdf00000,0x00000000fe3d8010,0x00000000ffb00000)
  to   space 31744K, 0% used [0x00000000fbd00000,0x00000000fbd00000,0x00000000fdc00000)
 ParOldGen       total 222720K, used 165406K [0x0000000080000000, 0x000000008d980000, 0x00000000d5580000)
  object space 222720K, 74% used [0x0000000080000000,0x000000008a187a20,0x000000008d980000)
 Metaspace       used 85257K, capacity 89574K, committed 91672K, reserved 1128448K
  class space    used 11381K, capacity 12138K, committed 12592K, reserved 1048576K
}
Event: 106.579 GC heap before
{Heap before GC invocations=49 (full 4):
 PSYoungGen      total 658944K, used 635232K [0x00000000d5580000, 0x00000000ffb00000, 0x0000000100000000)
  eden space 630272K, 100% used [0x00000000d5580000,0x00000000fbd00000,0x00000000fbd00000)
  from space 28672K, 17% used [0x00000000fdf00000,0x00000000fe3d8010,0x00000000ffb00000)
  to   space 31744K, 0% used [0x00000000fbd00000,0x00000000fbd00000,0x00000000fdc00000)
 ParOldGen       total 222720K, used 165406K [0x0000000080000000, 0x000000008d980000, 0x00000000d5580000)
  object space 222720K, 74% used [0x0000000080000000,0x000000008a187a20,0x000000008d980000)
 Metaspace       used 85304K, capacity 89574K, committed 91672K, reserved 1128448K
  class space    used 11382K, capacity 12138K, committed 12592K, reserved 1048576K
Event: 106.609 GC heap after
Heap after GC invocations=49 (full 4):
 PSYoungGen      total 662016K, used 5324K [0x00000000d5580000, 0x0000000100000000, 0x0000000100000000)
  eden space 630272K, 0% used [0x00000000d5580000,0x00000000d5580000,0x00000000fbd00000)
  from space 31744K, 16% used [0x00000000fbd00000,0x00000000fc233008,0x00000000fdc00000)
  to   space 30720K, 0% used [0x00000000fe200000,0x00000000fe200000,0x0000000100000000)
 ParOldGen       total 222720K, used 167922K [0x0000000080000000, 0x000000008d980000, 0x00000000d5580000)
  object space 222720K, 75% used [0x0000000080000000,0x000000008a3fcbf8,0x000000008d980000)
 Metaspace       used 85304K, capacity 89574K, committed 91672K, reserved 1128448K
  class space    used 11382K, capacity 12138K, committed 12592K, reserved 1048576K
}

